0 info it worked if it ends with ok
1 verbose cli [ 'node', '/usr/local/bin/npm', 'start' ]
2 info using npm@3.8.0
3 info using node@v0.12.12
4 verbose node symlink /usr/bin/node
5 verbose run-script [ 'prestart', 'start', 'poststart' ]
6 info lifecycle wifidog-server@0.0.0~prestart: wifidog-server@0.0.0
7 silly lifecycle wifidog-server@0.0.0~prestart: no script for prestart, continuing
8 info lifecycle wifidog-server@0.0.0~start: wifidog-server@0.0.0
9 verbose lifecycle wifidog-server@0.0.0~start: unsafe-perm in lifecycle true
10 verbose lifecycle wifidog-server@0.0.0~start: PATH: /usr/local/lib/node_modules/npm/bin/node-gyp-bin:/root/wifidog-server/node_modules/.bin:/usr/bin:/usr/local/sbin:/usr/local/bin:/usr/sbin:/usr/bin:/sbin:/bin
11 verbose lifecycle wifidog-server@0.0.0~start: CWD: /root/wifidog-server
12 silly lifecycle wifidog-server@0.0.0~start: Args: [ '-c', 'nodejs ./bin/www' ]
13 silly lifecycle wifidog-server@0.0.0~start: Returned: code: 1  signal: null
14 info lifecycle wifidog-server@0.0.0~start: Failed to exec start script
15 verbose stack Error: wifidog-server@0.0.0 start: `nodejs ./bin/www`
15 verbose stack Exit status 1
15 verbose stack     at EventEmitter.<anonymous> (/usr/local/lib/node_modules/npm/lib/utils/lifecycle.js:239:16)
15 verbose stack     at EventEmitter.emit (events.js:110:17)
15 verbose stack     at ChildProcess.<anonymous> (/usr/local/lib/node_modules/npm/lib/utils/spawn.js:24:14)
15 verbose stack     at ChildProcess.emit (events.js:110:17)
15 verbose stack     at maybeClose (child_process.js:1019:16)
15 verbose stack     at Process.ChildProcess._handle.onexit (child_process.js:1091:5)
16 verbose pkgid wifidog-server@0.0.0
17 verbose cwd /root/wifidog-server
18 error Linux 4.1.18-ti-r53
19 error argv "node" "/usr/local/bin/npm" "start"
20 error node v0.12.12
21 error npm  v3.8.0
22 error code ELIFECYCLE
23 error wifidog-server@0.0.0 start: `nodejs ./bin/www`
23 error Exit status 1
24 error Failed at the wifidog-server@0.0.0 start script 'nodejs ./bin/www'.
24 error Make sure you have the latest version of node.js and npm installed.
24 error If you do, this is most likely a problem with the wifidog-server package,
24 error not with npm itself.
24 error Tell the author that this fails on your system:
24 error     nodejs ./bin/www
24 error You can get information on how to open an issue for this project with:
24 error     npm bugs wifidog-server
24 error Or if that isn't available, you can get their info via:
24 error     npm owner ls wifidog-server
24 error There is likely additional logging output above.
25 verbose exit [ 1, true ]
